#
# There is insufficient memory for the Java Runtime Environment to continue.
# Native memory allocation (malloc) failed to allocate 33030144 bytes for committing reserved memory.
# Possible reasons:
#   The system is out of physical RAM or swap space
#   In 32 bit mode, the process size limit was hit
# Possible solutions:
#   Reduce memory load on the system
#   Increase physical memory or swap space
#   Check if swap backing store is full
#   Use 64 bit Java on a 64 bit OS
#   Decrease Java heap size (-Xmx/-Xms)
#   Decrease number of Java threads
#   Decrease Java thread stack sizes (-Xss)
#   Set larger code cache with -XX:ReservedCodeCacheSize=
# This output file may be truncated or incomplete.
#
#  Out of Memory Error (os_linux.cpp:2809), pid=16806, tid=139973000304384
#
# JRE version: OpenJDK Runtime Environment (7.0_79-b14) (build 1.7.0_79-b14)
# Java VM: OpenJDK 64-Bit Server VM (24.79-b02 mixed mode linux-amd64 compressed oops)
# Derivative: IcedTea 2.5.5
# Distribution: Ubuntu 14.10, package 7u79-2.5.5-0ubuntu0.14.10.2
# Failed to write core dump. Core dumps have been disabled. To enable core dumping, try "ulimit -c unlimited" before starting Java again
#

---------------  T H R E A D  ---------------

Current thread (0x00007f4dfc076000):  VMThread [stack: 0x00007f4e00e61000,0x00007f4e00f62000] [id=16843]

Stack: [0x00007f4e00e61000,0x00007f4e00f62000],  sp=0x00007f4e00f604a0,  free space=1021k
Native frames: (J=compiled Java code, j=interpreted, Vv=VM code, C=native code)
V  [libjvm.so+0x982c56]  VMError::report_and_die()+0x186
V  [libjvm.so+0x48fb12]  report_vm_out_of_memory(char const*, int, unsigned long, char const*)+0x92
V  [libjvm.so+0x7f4c2b]  os::pd_commit_memory(char*, unsigned long, unsigned long, bool)+0xeb
V  [libjvm.so+0x7ef31e]  os::commit_memory(char*, unsigned long, unsigned long, bool)+0x2e
V  [libjvm.so+0x86215b]  PSVirtualSpace::expand_by(unsigned long)+0x5b
V  [libjvm.so+0x863013]  PSYoungGen::resize_generation(unsigned long, unsigned long)+0xd3
V  [libjvm.so+0x86372b]  PSYoungGen::resize(unsigned long, unsigned long)+0x1b
V  [libjvm.so+0x85f129]  PSScavenge::invoke_no_policy()+0xdc9
V  [libjvm.so+0x85f908]  PSScavenge::invoke()+0x38
V  [libjvm.so+0x817263]  ParallelScavengeHeap::failed_mem_allocate(unsigned long)+0x63
V  [libjvm.so+0x984522]  VM_ParallelGCFailedAllocation::doit()+0x92
V  [libjvm.so+0x988db7]  VM_Operation::evaluate()+0x47
V  [libjvm.so+0x98739b]  VMThread::evaluate_operation(VM_Operation*)+0xab
V  [libjvm.so+0x987a46]  VMThread::loop()+0x1e6
V  [libjvm.so+0x987f11]  VMThread::run()+0x81
V  [libjvm.so+0x7f1912]  java_start(Thread*)+0xf2

VM_Operation (0x00007f4e06150cf0): ParallelGCFailedAllocation, mode: safepoint, requested by thread 0x00007f4dfc00a000


---------------  P R O C E S S  ---------------

Java Threads: ( => current thread )
  0x00007f4dfc0af800 JavaThread "Service Thread" daemon [_thread_blocked, id=16858, stack(0x00007f4e00040000,0x00007f4e00141000)]
  0x00007f4dfc0ad000 JavaThread "C2 CompilerThread1" daemon [_thread_blocked, id=16857, stack(0x00007f4e00141000,0x00007f4e00242000)]
  0x00007f4dfc0aa000 JavaThread "C2 CompilerThread0" daemon [_thread_blocked, id=16856, stack(0x00007f4e00242000,0x00007f4e00343000)]
  0x00007f4dfc0a7800 JavaThread "Signal Dispatcher" daemon [_thread_blocked, id=16855, stack(0x00007f4e00343000,0x00007f4e00444000)]
  0x00007f4dfc07c800 JavaThread "Finalizer" daemon [_thread_blocked, id=16854, stack(0x00007f4e00c5f000,0x00007f4e00d60000)]
  0x00007f4dfc07a800 JavaThread "Reference Handler" daemon [_thread_blocked, id=16850, stack(0x00007f4e00d60000,0x00007f4e00e61000)]
  0x00007f4dfc00a000 JavaThread "main" [_thread_blocked, id=16826, stack(0x00007f4e06052000,0x00007f4e06153000)]

Other Threads:
=>0x00007f4dfc076000 VMThread [stack: 0x00007f4e00e61000,0x00007f4e00f62000] [id=16843]
  0x00007f4dfc0ba000 WatcherThread [stack: 0x00007f4df8eff000,0x00007f4df9000000] [id=16859]

VM state:at safepoint (normal execution)

VM Mutex/Monitor currently owned by a thread:  ([mutex/lock_event])
[0x00007f4dfc0068d0] Threads_lock - owner thread: 0x00007f4dfc076000
[0x00007f4dfc006dd0] Heap_lock - owner thread: 0x00007f4dfc00a000

Heap
 PSYoungGen      total 37376K, used 5111K [0x00000000eaa80000, 0x00000000ed400000, 0x0000000100000000)
  eden space 32256K, 0% used [0x00000000eaa80000,0x00000000eaa80000,0x00000000eca00000)
  from space 5120K, 99% used [0x00000000eca00000,0x00000000ecefdc88,0x00000000ecf00000)
  to   space 5120K, 0% used [0x00000000ecf00000,0x00000000ecf00000,0x00000000ed400000)
 ParOldGen       total 83968K, used 1434K [0x00000000c0000000, 0x00000000c5200000, 0x00000000eaa80000)
  object space 83968K, 1% used [0x00000000c0000000,0x00000000c0166a08,0x00000000c5200000)
 PSPermGen       total 21504K, used 5723K [0x00000000b5a00000, 0x00000000b6f00000, 0x00000000c0000000)
  object space 21504K, 26% used [0x00000000b5a00000,0x00000000b5f96f00,0x00000000b6f00000)

Card table byte_map: [0x00007f4e02a09000,0x00007f4e02c5d000] byte_map_base: 0x00007f4e0245c000

Polling page: 0x00007f4e06182000

Code Cache  [0x00007f4df9000000, 0x00007f4df9270000, 0x00007f4dfc000000)
 total_blobs=440 nmethods=211 adapters=181 free_code_cache=48279Kb largest_free_block=49406720

Compilation events (10 events):
Event: 9,789 Thread 0x00007f4dfc0aa000 nmethod 208 0x00007f4df90ccfd0 code [0x00007f4df90cd140, 0x00007f4df90cd3f8]
Event: 9,789 Thread 0x00007f4dfc0aa000  209             com.android.dx.ssa.back.IdenticalBlockCombiner::process (323 bytes)
Event: 10,165 Thread 0x00007f4dfc0aa000 nmethod 209 0x00007f4df90dc4d0 code [0x00007f4df90dc820, 0x00007f4df90ddf78]
Event: 10,166 Thread 0x00007f4dfc0aa000  210   !         com.android.dx.util.IntList::set (53 bytes)
Event: 10,173 Thread 0x00007f4dfc0aa000 nmethod 210 0x00007f4df90ccc90 code [0x00007f4df90ccde0, 0x00007f4df90cceb8]
Event: 10,173 Thread 0x00007f4dfc0aa000  211             com.android.dx.ssa.SsaRenamer::access$000 (5 bytes)
Event: 10,174 Thread 0x00007f4dfc0aa000 nmethod 211 0x00007f4df90cca90 code [0x00007f4df90ccbc0, 0x00007f4df90ccc18]
Event: 10,174 Thread 0x00007f4dfc0aa000  212             com.android.dx.ssa.SCCP::simulateBlock (54 bytes)
Event: 10,333 Thread 0x00007f4dfc0aa000 nmethod 212 0x00007f4df90e0150 code [0x00007f4df90e0360, 0x00007f4df90e0ce0]
Event: 11,534 Thread 0x00007f4dfc0aa000  213             com.android.dx.ssa.SsaBasicBlock::newFromRop (183 bytes)

GC Heap History (1 events):
Event: 18,922 GC heap before
{Heap before GC invocations=1 (full 0):
 PSYoungGen      total 37376K, used 32256K [0x00000000eaa80000, 0x00000000ed400000, 0x0000000100000000)
  eden space 32256K, 100% used [0x00000000eaa80000,0x00000000eca00000,0x00000000eca00000)
  from space 5120K, 0% used [0x00000000ecf00000,0x00000000ecf00000,0x00000000ed400000)
  to   space 5120K, 0% used [0x00000000eca00000,0x00000000eca00000,0x00000000ecf00000)
 ParOldGen       total 83968K, used 0K [0x00000000c0000000, 0x00000000c5200000, 0x00000000eaa80000)
  object space 83968K, 0% used [0x00000000c0000000,0x00000000c0000000,0x00000000c5200000)
 PSPermGen       total 21504K, used 5723K [0x00000000b5a00000, 0x00000000b6f00000, 0x00000000c0000000)
  object space 21504K, 26% used [0x00000000b5a00000,0x00000000b5f96f00,0x00000000b6f00000)

Deoptimization events (8 events):
Event: 1,886 Thread 0x00007f4dfc00a000 Uncommon trap: reason=null_check action=make_not_entrant pc=0x00007f4df908013c method=com.android.dx.rop.code.LocalItem.equals(Ljava/lang/Object;)Z @ 1
Event: 1,932 Thread 0x00007f4dfc00a000 Uncommon trap: reason=bimorphic action=maybe_recompile pc=0x00007f4df90745bc method=com.android.dx.ssa.NormalSsaInsn.accept(Lcom/android/dx/ssa/SsaInsn$Visitor;)V @ 9
Event: 1,933 Thread 0x00007f4dfc00a000 Uncommon trap: reason=bimorphic action=maybe_recompile pc=0x00007f4df90745bc method=com.android.dx.ssa.NormalSsaInsn.accept(Lcom/android/dx/ssa/SsaInsn$Visitor;)V @ 9
Event: 1,936 Thread 0x00007f4dfc00a000 Uncommon trap: reason=bimorphic action=maybe_recompile pc=0x00007f4df90745bc method=com.android.dx.ssa.NormalSsaInsn.accept(Lcom/android/dx/ssa/SsaInsn$Visitor;)V @ 9
Event: 1,937 Thread 0x00007f4dfc00a000 Uncommon trap: reason=bimorphic action=maybe_recompile pc=0x00007f4df90745bc method=com.android.dx.ssa.NormalSsaInsn.accept(Lcom/android/dx/ssa/SsaInsn$Visitor;)V @ 9
Event: 3,306 Thread 0x00007f4dfc00a000 Uncommon trap: reason=null_check action=make_not_entrant pc=0x00007f4df90bb18c method=com.android.dx.rop.code.RegisterSpec.equals(Ljava/lang/Object;)Z @ 1
Event: 3,355 Thread 0x00007f4dfc00a000 Uncommon trap: reason=null_check action=make_not_entrant pc=0x00007f4df9093910 method=com.android.dx.ssa.SsaRenamer.getLocalForNewReg(I)Lcom/android/dx/rop/code/LocalItem; @ 19
Event: 9,552 Thread 0x00007f4dfc00a000 Uncommon trap: reason=unreached action=reinterpret pc=0x00007f4df90ca8f4 method=com.android.dx.ssa.SCCP.simulateBranch(Lcom/android/dx/ssa/SsaInsn;)V @ 132

Internal exceptions (10 events):
Event: 1,421 Thread 0x00007f4dfc00a000 Threw 0x00000000eb475808 at /build/buildd/openjdk-7-7u79-2.5.5/build/openjdk/hotspot/src/share/vm/prims/jvm.cpp:1284
Event: 1,607 Thread 0x00007f4dfc00a000 Threw 0x00000000eb5c3958 at /build/buildd/openjdk-7-7u79-2.5.5/build/openjdk/hotspot/src/share/vm/prims/jvm.cpp:1284
Event: 1,867 Thread 0x00007f4dfc00a000 Threw 0x00000000eb767050 at /build/buildd/openjdk-7-7u79-2.5.5/build/openjdk/hotspot/src/share/vm/prims/jvm.cpp:1284
Event: 1,886 Thread 0x00007f4dfc00a000 Implicit null exception at 0x00007f4df907fde6 to 0x00007f4df9080129
Event: 2,077 Thread 0x00007f4dfc00a000 Threw 0x00000000eb8b83f0 at /build/buildd/openjdk-7-7u79-2.5.5/build/openjdk/hotspot/src/share/vm/prims/jvm.cpp:1284
Event: 3,066 Thread 0x00007f4dfc00a000 Threw 0x00000000ebf9f1f0 at /build/buildd/openjdk-7-7u79-2.5.5/build/openjdk/hotspot/src/share/vm/prims/jvm.cpp:1284
Event: 3,297 Thread 0x00007f4dfc00a000 Implicit null exception at 0x00007f4df90ba0a2 to 0x00007f4df90bb15d
Event: 3,355 Thread 0x00007f4dfc00a000 Implicit null exception at 0x00007f4df909259c to 0x00007f4df90938e5
Event: 4,562 Thread 0x00007f4dfc00a000 Threw 0x00000000ec41e7f8 at /build/buildd/openjdk-7-7u79-2.5.5/build/openjdk/hotspot/src/share/vm/prims/jvm.cpp:1284
Event: 9,574 Thread 0x00007f4dfc00a000 Threw 0x00000000ec67e5f0 at /build/buildd/openjdk-7-7u79-2.5.5/build/openjdk/hotspot/src/share/vm/prims/jvm.cpp:1284

Events (10 events):
Event: 4,225 Executing VM operation: EnableBiasedLocking
Event: 4,254 Executing VM operation: EnableBiasedLocking done
Event: 4,502 loading class 0x00007f4dfc115490
Event: 4,520 loading class 0x00007f4dfc115490 done
Event: 9,545 Thread 0x00007f4dfc00a000 Uncommon trap: trap_request=0xffffffad fr.pc=0x00007f4df90ca8f4
Event: 9,552 Thread 0x00007f4dfc00a000 DEOPT PACKING pc=0x00007f4df90ca8f4 sp=0x00007f4e06150db0
Event: 9,561 Thread 0x00007f4dfc00a000 DEOPT UNPACKING pc=0x00007f4df9039445 sp=0x00007f4e06150d48 mode 2
Event: 9,570 loading class 0x00007f4dfc1ab6e0
Event: 9,570 loading class 0x00007f4dfc1ab6e0 done
Event: 18,039 Executing VM operation: ParallelGCFailedAllocation


Dynamic libraries:
00400000-00401000 r-xp 00000000 fc:01 2757094                            /usr/lib/jvm/java-7-openjdk-amd64/jre/bin/java
00600000-00601000 r--p 00000000 fc:01 2757094                            /usr/lib/jvm/java-7-openjdk-amd64/jre/bin/java
00601000-00602000 rw-p 00001000 fc:01 2757094                            /usr/lib/jvm/java-7-openjdk-amd64/jre/bin/java
00d8f000-00db0000 rw-p 00000000 00:00 0                                  [heap]
b5a00000-b6f00000 rw-p 00000000 00:00 0 
b6f00000-c0000000 rw-p 00000000 00:00 0 
c0000000-c5200000 rw-p 00000000 00:00 0 
c5200000-eaa80000 rw-p 00000000 00:00 0 
eaa80000-ed400000 rw-p 00000000 00:00 0 
ef380000-100000000 rw-p 00000000 00:00 0 
7f4dc0000000-7f4dc0021000 rw-p 00000000 00:00 0 
7f4dc0021000-7f4dc4000000 ---p 00000000 00:00 0 
7f4dc8000000-7f4dc85cc000 rw-p 00000000 00:00 0 
7f4dc85cc000-7f4dcc000000 ---p 00000000 00:00 0 
7f4dcc000000-7f4dcc021000 rw-p 00000000 00:00 0 
7f4dcc021000-7f4dd0000000 ---p 00000000 00:00 0 
7f4dd0000000-7f4dd0021000 rw-p 00000000 00:00 0 
7f4dd0021000-7f4dd4000000 ---p 00000000 00:00 0 
7f4dd4000000-7f4dd4587000 rw-p 00000000 00:00 0 
7f4dd4587000-7f4dd8000000 ---p 00000000 00:00 0 
7f4dd8000000-7f4dd8021000 rw-p 00000000 00:00 0 
7f4dd8021000-7f4ddc000000 ---p 00000000 00:00 0 
7f4ddc000000-7f4ddc021000 rw-p 00000000 00:00 0 
7f4ddc021000-7f4de0000000 ---p 00000000 00:00 0 
7f4de0000000-7f4de0242000 rw-p 00000000 00:00 0 
7f4de0242000-7f4de4000000 ---p 00000000 00:00 0 
7f4de4000000-7f4de4021000 rw-p 00000000 00:00 0 
7f4de4021000-7f4de8000000 ---p 00000000 00:00 0 
7f4de9018000-7f4de9084000 r-xp 00000000 fc:01 6295844                    /lib/x86_64-linux-gnu/libpcre.so.3.13.1
7f4de9084000-7f4de9283000 ---p 0006c000 fc:01 6295844                    /lib/x86_64-linux-gnu/libpcre.so.3.13.1
7f4de9283000-7f4de9284000 r--p 0006b000 fc:01 6295844                    /lib/x86_64-linux-gnu/libpcre.so.3.13.1
7f4de9284000-7f4de9285000 rw-p 0006c000 fc:01 6295844                    /lib/x86_64-linux-gnu/libpcre.so.3.13.1
7f4de9285000-7f4de928c000 r-xp 00000000 fc:01 2494903                    /usr/lib/x86_64-linux-gnu/libffi.so.6.0.2
7f4de928c000-7f4de948b000 ---p 00007000 fc:01 2494903                    /usr/lib/x86_64-linux-gnu/libffi.so.6.0.2
7f4de948b000-7f4de948c000 r--p 00006000 fc:01 2494903                    /usr/lib/x86_64-linux-gnu/libffi.so.6.0.2
7f4de948c000-7f4de948d000 rw-p 00007000 fc:01 2494903                    /usr/lib/x86_64-linux-gnu/libffi.so.6.0.2
7f4de948d000-7f4de94a4000 r-xp 00000000 fc:01 6357301                    /lib/x86_64-linux-gnu/libresolv-2.19.so
7f4de94a4000-7f4de96a4000 ---p 00017000 fc:01 6357301                    /lib/x86_64-linux-gnu/libresolv-2.19.so
7f4de96a4000-7f4de96a5000 r--p 00017000 fc:01 6357301                    /lib/x86_64-linux-gnu/libresolv-2.19.so
7f4de96a5000-7f4de96a6000 rw-p 00018000 fc:01 6357301                    /lib/x86_64-linux-gnu/libresolv-2.19.so
7f4de96a6000-7f4de96a8000 rw-p 00000000 00:00 0 
7f4de96a8000-7f4de96c9000 r-xp 00000000 fc:01 6295767                    /lib/x86_64-linux-gnu/libselinux.so.1
7f4de96c9000-7f4de98c8000 ---p 00021000 fc:01 6295767                    /lib/x86_64-linux-gnu/libselinux.so.1
7f4de98c8000-7f4de98c9000 r--p 00020000 fc:01 6295767                    /lib/x86_64-linux-gnu/libselinux.so.1
7f4de98c9000-7f4de98ca000 rw-p 00021000 fc:01 6295767                    /lib/x86_64-linux-gnu/libselinux.so.1
7f4de98ca000-7f4de98cc000 rw-p 00000000 00:00 0 
7f4de98cc000-7f4de98cf000 r-xp 00000000 fc:01 2492443                    /usr/lib/x86_64-linux-gnu/libgmodule-2.0.so.0.4200.2
7f4de98cf000-7f4de9ace000 ---p 00003000 fc:01 2492443                    /usr/lib/x86_64-linux-gnu/libgmodule-2.0.so.0.4200.2
7f4de9ace000-7f4de9acf000 r--p 00002000 fc:01 2492443                    /usr/lib/x86_64-linux-gnu/libgmodule-2.0.so.0.4200.2
7f4de9acf000-7f4de9ad0000 rw-p 00003000 fc:01 2492443                    /usr/lib/x86_64-linux-gnu/libgmodule-2.0.so.0.4200.2
7f4de9ad0000-7f4dec000000 rw-p 00000000 00:00 0 
7f4dec000000-7f4dec021000 rw-p 00000000 00:00 0 
7f4dec021000-7f4df0000000 ---p 00000000 00:00 0 
7f4df0000000-7f4df0021000 rw-p 00000000 00:00 0 
7f4df0021000-7f4df4000000 ---p 00000000 00:00 0 
7f4df4000000-7f4df4021000 rw-p 00000000 00:00 0 
7f4df4021000-7f4df8000000 ---p 00000000 00:00 0 
7f4df81a0000-7f4df81d1000 rw-p 00000000 00:00 0 
7f4df81d1000-7f4df82dd000 r-xp 00000000 fc:01 6295850                    /lib/x86_64-linux-gnu/libglib-2.0.so.0.4200.2
7f4df82dd000-7f4df84dd000 ---p 0010c000 fc:01 6295850                    /lib/x86_64-linux-gnu/libglib-2.0.so.0.4200.2
7f4df84dd000-7f4df84de000 r--p 0010c000 fc:01 6295850                    /lib/x86_64-linux-gnu/libglib-2.0.so.0.4200.2
7f4df84de000-7f4df84df000 rw-p 0010d000 fc:01 6295850                    /lib/x86_64-linux-gnu/libglib-2.0.so.0.4200.2
7f4df84df000-7f4df84e0000 rw-p 00000000 00:00 0 
7f4df84e0000-7f4df8530000 r-xp 00000000 fc:01 2492441                    /usr/lib/x86_64-linux-gnu/libgobject-2.0.so.0.4200.2
7f4df8530000-7f4df8730000 ---p 00050000 fc:01 2492441                    /usr/lib/x86_64-linux-gnu/libgobject-2.0.so.0.4200.2
7f4df8730000-7f4df8731000 r--p 00050000 fc:01 2492441                    /usr/lib/x86_64-linux-gnu/libgobject-2.0.so.0.4200.2
7f4df8731000-7f4df8732000 rw-p 00051000 fc:01 2492441                    /usr/lib/x86_64-linux-gnu/libgobject-2.0.so.0.4200.2
7f4df8732000-7f4df88a2000 r-xp 00000000 fc:01 2492445                    /usr/lib/x86_64-linux-gnu/libgio-2.0.so.0.4200.2
7f4df88a2000-7f4df8aa2000 ---p 00170000 fc:01 2492445                    /usr/lib/x86_64-linux-gnu/libgio-2.0.so.0.4200.2
7f4df8aa2000-7f4df8aa6000 r--p 00170000 fc:01 2492445                    /usr/lib/x86_64-linux-gnu/libgio-2.0.so.0.4200.2
7f4df8aa6000-7f4df8aa8000 rw-p 00174000 fc:01 2492445                    /usr/lib/x86_64-linux-gnu/libgio-2.0.so.0.4200.2
7f4df8aa8000-7f4df8aaa000 rw-p 00000000 00:00 0 
7f4df8ab0000-7f4df8ad5000 r--p 00000000 fc:01 3804567                    /usr/share/locale-langpack/pl/LC_MESSAGES/libc.mo
7f4df8ad5000-7f4df8aec000 r-xp 00000000 fc:01 2761401                    /usr/lib/jvm/java-7-openjdk-amd64/jre/lib/amd64/libnet.so
7f4df8aec000-7f4df8ceb000 ---p 00017000 fc:01 2761401                    /usr/lib/jvm/java-7-openjdk-amd64/jre/lib/amd64/libnet.so
7f4df8ceb000-7f4df8cec000 r--p 00016000 fc:01 2761401                    /usr/lib/jvm/java-7-openjdk-amd64/jre/lib/amd64/libnet.so
7f4df8cec000-7f4df8ced000 rw-p 00017000 fc:01 2761401                    /usr/lib/jvm/java-7-openjdk-amd64/jre/lib/amd64/libnet.so
7f4df8ced000-7f4df8cfe000 r-xp 00000000 fc:01 2759426                    /usr/lib/jvm/java-7-openjdk-amd64/jre/lib/amd64/libnio.so
7f4df8cfe000-7f4df8efd000 ---p 00011000 fc:01 2759426                    /usr/lib/jvm/java-7-openjdk-amd64/jre/lib/amd64/libnio.so
7f4df8efd000-7f4df8efe000 r--p 00010000 fc:01 2759426                    /usr/lib/jvm/java-7-openjdk-amd64/jre/lib/amd64/libnio.so
7f4df8efe000-7f4df8eff000 rw-p 00011000 fc:01 2759426                    /usr/lib/jvm/java-7-openjdk-amd64/jre/lib/amd64/libnio.so
7f4df8eff000-7f4df8f00000 ---p 00000000 00:00 0 
7f4df8f00000-7f4df9000000 rw-p 00000000 00:00 0                          [stack:16859]
7f4df9000000-7f4df9270000 rwxp 00000000 00:00 0 
7f4df9270000-7f4dfc1e2000 rw-p 00000000 00:00 0 
7f4dfc1e2000-7f4e00000000 ---p 00000000 00:00 0 
7f4e00018000-7f4e0001f000 r--s 00000000 fc:01 2765838                    /usr/lib/x86_64-linux-gnu/gconv/gconv-modules.cache
7f4e0001f000-7f4e00031000 r--s 000c6000 00:25 6188853                    /home/madejs/TodoEkspert/app/build/intermediates/exploded-aar/com.android.support/support-v4/22.1.1/jars/classes.jar
7f4e00031000-7f4e00040000 r--s 000dd000 00:25 6884554                    /home/madejs/apps/androidsdk/build-tools/22.0.1/lib/dx.jar
7f4e00040000-7f4e00043000 ---p 00000000 00:00 0 
7f4e00043000-7f4e00141000 rw-p 00000000 00:00 0                          [stack:16858]
7f4e00141000-7f4e00144000 ---p 00000000 00:00 0 
7f4e00144000-7f4e00242000 rw-p 00000000 00:00 0                          [stack:16857]
7f4e00242000-7f4e00245000 ---p 00000000 00:00 0 
7f4e00245000-7f4e00343000 rw-p 00000000 00:00 0                          [stack:16856]
7f4e00343000-7f4e00346000 ---p 00000000 00:00 0 
7f4e00346000-7f4e00444000 rw-p 00000000 00:00 0                          [stack:16855]
7f4e00444000-7f4e00c5f000 r--p 00000000 fc:01 2497526                    /usr/lib/locale/locale-archive
7f4e00c5f000-7f4e00c62000 ---p 00000000 00:00 0 
7f4e00c62000-7f4e00d60000 rw-p 00000000 00:00 0                          [stack:16854]
7f4e00d60000-7f4e00d63000 ---p 00000000 00:00 0 
7f4e00d63000-7f4e00e61000 rw-p 00000000 00:00 0                          [stack:16850]
7f4e00e61000-7f4e00e62000 ---p 00000000 00:00 0 
7f4e00e62000-7f4e01f5f000 rw-p 00000000 00:00 0                          [stack:16843]
7f4e01f5f000-7f4e02110000 r--s 01d27000 fc:01 2761408                    /usr/lib/jvm/java-7-openjdk-amd64/jre/lib/rt.jar
7f4e02110000-7f4e0245c000 rw-p 00000000 00:00 0 
7f4e0245c000-7f4e0245d000 ---p 00000000 00:00 0 
7f4e0245d000-7f4e0255d000 rw-p 00000000 00:00 0                          [stack:16835]
7f4e0255d000-7f4e0255e000 ---p 00000000 00:00 0 
7f4e0255e000-7f4e0265e000 rw-p 00000000 00:00 0                          [stack:16833]
7f4e0265e000-7f4e0265f000 ---p 00000000 00:00 0 
7f4e0265f000-7f4e0275f000 rw-p 00000000 00:00 0                          [stack:16831]
7f4e0275f000-7f4e02760000 ---p 00000000 00:00 0 
7f4e02760000-7f4e0286b000 rw-p 00000000 00:00 0                          [stack:16828]
7f4e0286b000-7f4e028b3000 rw-p 00000000 00:00 0 
7f4e028b3000-7f4e028dc000 rw-p 00000000 00:00 0 
7f4e028dc000-7f4e02a09000 rw-p 00000000 00:00 0 
7f4e02a09000-7f4e02a14000 rw-p 00000000 00:00 0 
7f4e02a14000-7f4e02a5c000 rw-p 00000000 00:00 0 
7f4e02a5c000-7f4e02a85000 rw-p 00000000 00:00 0 
7f4e02a85000-7f4e02bb1000 rw-p 00000000 00:00 0 
7f4e02bb1000-7f4e02bc6000 rw-p 00000000 00:00 0 
7f4e02bc6000-7f4e02c5c000 rw-p 00000000 00:00 0 
7f4e02c5c000-7f4e02c5d000 rw-p 00000000 00:00 0 
7f4e02c5d000-7f4e02c65000 r-xp 00000000 fc:01 2759572                    /usr/lib/jvm/java-7-openjdk-amd64/jre/lib/amd64/libzip.so
7f4e02c65000-7f4e02e64000 ---p 00008000 fc:01 2759572                    /usr/lib/jvm/java-7-openjdk-amd64/jre/lib/amd64/libzip.so
7f4e02e64000-7f4e02e65000 r--p 00007000 fc:01 2759572                    /usr/lib/jvm/java-7-openjdk-amd64/jre/lib/amd64/libzip.so
7f4e02e65000-7f4e02e66000 rw-p 00008000 fc:01 2759572                    /usr/lib/jvm/java-7-openjdk-amd64/jre/lib/amd64/libzip.so
7f4e02e66000-7f4e02e71000 r-xp 00000000 fc:01 6357306                    /lib/x86_64-linux-gnu/libnss_files-2.19.so
7f4e02e71000-7f4e03070000 ---p 0000b000 fc:01 6357306                    /lib/x86_64-linux-gnu/libnss_files-2.19.so
7f4e03070000-7f4e03071000 r--p 0000a000 fc:01 6357306                    /lib/x86_64-linux-gnu/libnss_files-2.19.so
7f4e03071000-7f4e03072000 rw-p 0000b000 fc:01 6357306                    /lib/x86_64-linux-gnu/libnss_files-2.19.so
7f4e03072000-7f4e0307d000 r-xp 00000000 fc:01 6357308                    /lib/x86_64-linux-gnu/libnss_nis-2.19.so
7f4e0307d000-7f4e0327c000 ---p 0000b000 fc:01 6357308                    /lib/x86_64-linux-gnu/libnss_nis-2.19.so
7f4e0327c000-7f4e0327d000 r--p 0000a000 fc:01 6357308                    /lib/x86_64-linux-gnu/libnss_nis-2.19.so
7f4e0327d000-7f4e0327e000 rw-p 0000b000 fc:01 6357308                    /lib/x86_64-linux-gnu/libnss_nis-2.19.so
7f4e0327e000-7f4e03295000 r-xp 00000000 fc:01 6357150                    /lib/x86_64-linux-gnu/libnsl-2.19.so
7f4e03295000-7f4e03494000 ---p 00017000 fc:01 6357150                    /lib/x86_64-linux-gnu/libnsl-2.19.so
7f4e03494000-7f4e03495000 r--p 00016000 fc:01 6357150                    /lib/x86_64-linux-gnu/libnsl-2.19.so
7f4e03495000-7f4e03496000 rw-p 00017000 fc:01 6357150                    /lib/x86_64-linux-gnu/libnsl-2.19.so
7f4e03496000-7f4e03498000 rw-p 00000000 00:00 0 
7f4e03498000-7f4e034a1000 r-xp 00000000 fc:01 6357151                    /lib/x86_64-linux-gnu/libnss_compat-2.19.so
7f4e034a1000-7f4e036a0000 ---p 00009000 fc:01 6357151                    /lib/x86_64-linux-gnu/libnss_compat-2.19.so
7f4e036a0000-7f4e036a1000 r--p 00008000 fc:01 6357151                    /lib/x86_64-linux-gnu/libnss_compat-2.19.so
7f4e036a1000-7f4e036a2000 rw-p 00009000 fc:01 6357151                    /lib/x86_64-linux-gnu/libnss_compat-2.19.so
7f4e036a2000-7f4e036cf000 r-xp 00000000 fc:01 2761386                    /usr/lib/jvm/java-7-openjdk-amd64/jre/lib/amd64/libjava.so
7f4e036cf000-7f4e038ce000 ---p 0002d000 fc:01 2761386                    /usr/lib/jvm/java-7-openjdk-amd64/jre/lib/amd64/libjava.so
7f4e038ce000-7f4e038cf000 r--p 0002c000 fc:01 2761386                    /usr/lib/jvm/java-7-openjdk-amd64/jre/lib/amd64/libjava.so
7f4e038cf000-7f4e038d1000 rw-p 0002d000 fc:01 2761386                    /usr/lib/jvm/java-7-openjdk-amd64/jre/lib/amd64/libjava.so
7f4e038d1000-7f4e038e2000 r-xp 00000000 fc:01 2761389                    /usr/lib/jvm/java-7-openjdk-amd64/jre/lib/amd64/libverify.so
7f4e038e2000-7f4e03ae1000 ---p 00011000 fc:01 2761389                    /usr/lib/jvm/java-7-openjdk-amd64/jre/lib/amd64/libverify.so
7f4e03ae1000-7f4e03ae3000 r--p 00010000 fc:01 2761389                    /usr/lib/jvm/java-7-openjdk-amd64/jre/lib/amd64/libverify.so
7f4e03ae3000-7f4e03ae4000 rw-p 00012000 fc:01 2761389                    /usr/lib/jvm/java-7-openjdk-amd64/jre/lib/amd64/libverify.so
7f4e03ae4000-7f4e03aeb000 r-xp 00000000 fc:01 6357309                    /lib/x86_64-linux-gnu/librt-2.19.so
7f4e03aeb000-7f4e03cea000 ---p 00007000 fc:01 6357309                    /lib/x86_64-linux-gnu/librt-2.19.so
7f4e03cea000-7f4e03ceb000 r--p 00006000 fc:01 6357309                    /lib/x86_64-linux-gnu/librt-2.19.so
7f4e03ceb000-7f4e03cec000 rw-p 00007000 fc:01 6357309                    /lib/x86_64-linux-gnu/librt-2.19.so
7f4e03cec000-7f4e03d02000 r-xp 00000000 fc:01 6298768                    /lib/x86_64-linux-gnu/libgcc_s.so.1
7f4e03d02000-7f4e03f01000 ---p 00016000 fc:01 6298768                    /lib/x86_64-linux-gnu/libgcc_s.so.1
7f4e03f01000-7f4e03f02000 r--p 00015000 fc:01 6298768                    /lib/x86_64-linux-gnu/libgcc_s.so.1
7f4e03f02000-7f4e03f03000 rw-p 00016000 fc:01 6298768                    /lib/x86_64-linux-gnu/libgcc_s.so.1
7f4e03f03000-7f4e04008000 r-xp 00000000 fc:01 6357126                    /lib/x86_64-linux-gnu/libm-2.19.so
7f4e04008000-7f4e04207000 ---p 00105000 fc:01 6357126                    /lib/x86_64-linux-gnu/libm-2.19.so
7f4e04207000-7f4e04208000 r--p 00104000 fc:01 6357126                    /lib/x86_64-linux-gnu/libm-2.19.so
7f4e04208000-7f4e04209000 rw-p 00105000 fc:01 6357126                    /lib/x86_64-linux-gnu/libm-2.19.so
7f4e04209000-7f4e042f9000 r-xp 00000000 fc:01 2492138                    /usr/lib/x86_64-linux-gnu/libstdc++.so.6.0.20
7f4e042f9000-7f4e044f9000 ---p 000f0000 fc:01 2492138                    /usr/lib/x86_64-linux-gnu/libstdc++.so.6.0.20
7f4e044f9000-7f4e04501000 r--p 000f0000 fc:01 2492138                    /usr/lib/x86_64-linux-gnu/libstdc++.so.6.0.20
7f4e04501000-7f4e04503000 rw-p 000f8000 fc:01 2492138                    /usr/lib/x86_64-linux-gnu/libstdc++.so.6.0.20
7f4e04503000-7f4e04518000 rw-p 00000000 00:00 0 
7f4e04518000-7f4e05068000 r-xp 00000000 fc:01 2761399                    /usr/lib/jvm/java-7-openjdk-amd64/jre/lib/amd64/server/libjvm.so
7f4e05068000-7f4e05267000 ---p 00b50000 fc:01 2761399                    /usr/lib/jvm/java-7-openjdk-amd64/jre/lib/amd64/server/libjvm.so
7f4e05267000-7f4e05306000 r--p 00b4f000 fc:01 2761399                    /usr/lib/jvm/java-7-openjdk-amd64/jre/lib/amd64/server/libjvm.so
7f4e05306000-7f4e05329000 rw-p 00bee000 fc:01 2761399                    /usr/lib/jvm/java-7-openjdk-amd64/jre/lib/amd64/server/libjvm.so
7f4e05329000-7f4e05356000 rw-p 00000000 00:00 0 
7f4e05356000-7f4e0536e000 r-xp 00000000 fc:01 6295609                    /lib/x86_64-linux-gnu/libz.so.1.2.8
7f4e0536e000-7f4e0556d000 ---p 00018000 fc:01 6295609                    /lib/x86_64-linux-gnu/libz.so.1.2.8
7f4e0556d000-7f4e0556e000 r--p 00017000 fc:01 6295609                    /lib/x86_64-linux-gnu/libz.so.1.2.8
7f4e0556e000-7f4e0556f000 rw-p 00018000 fc:01 6295609                    /lib/x86_64-linux-gnu/libz.so.1.2.8
7f4e0556f000-7f4e05588000 r-xp 00000000 fc:01 6357154                    /lib/x86_64-linux-gnu/libpthread-2.19.so
7f4e05588000-7f4e05787000 ---p 00019000 fc:01 6357154                    /lib/x86_64-linux-gnu/libpthread-2.19.so
7f4e05787000-7f4e05788000 r--p 00018000 fc:01 6357154                    /lib/x86_64-linux-gnu/libpthread-2.19.so
7f4e05788000-7f4e05789000 rw-p 00019000 fc:01 6357154                    /lib/x86_64-linux-gnu/libpthread-2.19.so
7f4e05789000-7f4e0578d000 rw-p 00000000 00:00 0 
7f4e0578d000-7f4e05790000 r-xp 00000000 fc:01 6357153                    /lib/x86_64-linux-gnu/libdl-2.19.so
7f4e05790000-7f4e0598f000 ---p 00003000 fc:01 6357153                    /lib/x86_64-linux-gnu/libdl-2.19.so
7f4e0598f000-7f4e05990000 r--p 00002000 fc:01 6357153                    /lib/x86_64-linux-gnu/libdl-2.19.so
7f4e05990000-7f4e05991000 rw-p 00003000 fc:01 6357153                    /lib/x86_64-linux-gnu/libdl-2.19.so
7f4e05991000-7f4e05b4b000 r-xp 00000000 fc:01 6357307                    /lib/x86_64-linux-gnu/libc-2.19.so
7f4e05b4b000-7f4e05d4a000 ---p 001ba000 fc:01 6357307                    /lib/x86_64-linux-gnu/libc-2.19.so
7f4e05d4a000-7f4e05d4e000 r--p 001b9000 fc:01 6357307                    /lib/x86_64-linux-gnu/libc-2.19.so
7f4e05d4e000-7f4e05d50000 rw-p 001bd000 fc:01 6357307                    /lib/x86_64-linux-gnu/libc-2.19.so
7f4e05d50000-7f4e05d55000 rw-p 00000000 00:00 0 
7f4e05d55000-7f4e05d62000 r-xp 00000000 fc:01 2761393                    /usr/lib/jvm/java-7-openjdk-amd64/jre/lib/amd64/jli/libjli.so
7f4e05d62000-7f4e05f61000 ---p 0000d000 fc:01 2761393                    /usr/lib/jvm/java-7-openjdk-amd64/jre/lib/amd64/jli/libjli.so
7f4e05f61000-7f4e05f62000 r--p 0000c000 fc:01 2761393                    /usr/lib/jvm/java-7-openjdk-amd64/jre/lib/amd64/jli/libjli.so
7f4e05f62000-7f4e05f63000 rw-p 0000d000 fc:01 2761393                    /usr/lib/jvm/java-7-openjdk-amd64/jre/lib/amd64/jli/libjli.so
7f4e05f63000-7f4e05f86000 r-xp 00000000 fc:01 6357302                    /lib/x86_64-linux-gnu/ld-2.19.so
7f4e05f88000-7f4e05f8b000 r--s 00086000 fc:01 2761426                    /usr/lib/jvm/java-7-openjdk-amd64/jre/lib/ext/localedata.jar
7f4e05f8b000-7f4e05f8e000 r--s 0000f000 fc:01 2761423                    /usr/lib/jvm/java-7-openjdk-amd64/jre/lib/ext/icedtea-sound.jar
7f4e05f8e000-7f4e05f92000 r--s 0003c000 fc:01 2761421                    /usr/lib/jvm/java-7-openjdk-amd64/jre/lib/ext/sunpkcs11.jar
7f4e05f92000-7f4e05f9c000 rw-p 00000000 00:00 0 
7f4e05f9c000-7f4e06052000 rw-p 00000000 00:00 0 
7f4e06052000-7f4e06055000 ---p 00000000 00:00 0 
7f4e06055000-7f4e06158000 rw-p 00000000 00:00 0                          [stack:16826]
7f4e06158000-7f4e0615a000 r--s 00006000 fc:01 2890976                    /usr/share/java/java-atk-wrapper.jar
7f4e0615a000-7f4e0615e000 r--s 00034000 fc:01 2761425                    /usr/lib/jvm/java-7-openjdk-amd64/jre/lib/ext/sunjce_provider.jar
7f4e0615e000-7f4e0615f000 r--s 00002000 fc:01 2761424                    /usr/lib/jvm/java-7-openjdk-amd64/jre/lib/ext/dnsns.jar
7f4e0615f000-7f4e06161000 r--s 00012000 fc:01 2761422                    /usr/lib/jvm/java-7-openjdk-amd64/jre/lib/ext/zipfs.jar
7f4e06161000-7f4e06179000 rw-p 00000000 00:00 0 
7f4e06179000-7f4e06181000 rw-s 00000000 fc:01 3218345                    /tmp/hsperfdata_madejs/16806
7f4e06181000-7f4e06182000 rw-p 00000000 00:00 0 
7f4e06182000-7f4e06183000 ---p 00000000 00:00 0 
7f4e06183000-7f4e06185000 rw-p 00000000 00:00 0 
7f4e06185000-7f4e06186000 r--p 00022000 fc:01 6357302                    /lib/x86_64-linux-gnu/ld-2.19.so
7f4e06186000-7f4e06187000 rw-p 00023000 fc:01 6357302                    /lib/x86_64-linux-gnu/ld-2.19.so
7f4e06187000-7f4e06188000 rw-p 00000000 00:00 0 
7ffedc83a000-7ffedc85c000 rw-p 00000000 00:00 0                          [stack]
7ffedc957000-7ffedc959000 r-xp 00000000 00:00 0                          [vdso]
7ffedc959000-7ffedc95b000 r--p 00000000 00:00 0                          [vvar]
ffffffffff600000-ffffffffff601000 r-xp 00000000 00:00 0                  [vsyscall]

VM Arguments:
jvm_args: -Xmx1024M -Dfile.encoding=UTF-8 -Duser.country=PL -Duser.language=pl -Duser.variant 
java_command: com.android.dx.command.Main --dex --output /home/madejs/TodoEkspert/app/build/intermediates/pre-dexed/debug/classes-0b2f97490d1c058d7f4f9da4bef12977ca0fd7fd.jar /home/madejs/TodoEkspert/app/build/intermediates/exploded-aar/com.android.support/support-v4/22.1.1/jars/classes.jar
Launcher Type: SUN_STANDARD

Environment Variables:
PATH=/usr/local/heroku/bin:/home/madejs/apps/androidsdk/platform-tools:/home/madejs/apps/androidsdk/tools:/usr/local/sbin:/usr/local/bin:/usr/sbin:/usr/bin:/sbin:/bin:/usr/games:/usr/local/games:/home/madejs/apps/maven3/bin
LD_LIBRARY_PATH=./bin:
SHELL=/bin/bash
DISPLAY=:0

Signal Handlers:
SIGSEGV: [libjvm.so+0x983740], sa_mask[0]=0x7ffbfeff, sa_flags=0x10000004
SIGBUS: [libjvm.so+0x983740], sa_mask[0]=0x7ffbfeff, sa_flags=0x10000004
SIGFPE: [libjvm.so+0x7f0180], sa_mask[0]=0x7ffbfeff, sa_flags=0x10000004
SIGPIPE: [libjvm.so+0x7f0180], sa_mask[0]=0x7ffbfeff, sa_flags=0x10000004
SIGXFSZ: [libjvm.so+0x7f0180], sa_mask[0]=0x7ffbfeff, sa_flags=0x10000004
SIGILL: [libjvm.so+0x7f0180], sa_mask[0]=0x7ffbfeff, sa_flags=0x10000004
SIGUSR1: SIG_DFL, sa_mask[0]=0x00000000, sa_flags=0x00000000
SIGUSR2: [libjvm.so+0x7f0000], sa_mask[0]=0x00000004, sa_flags=0x10000004
SIGHUP: [libjvm.so+0x7f0200], sa_mask[0]=0x7ffbfeff, sa_flags=0x10000004
SIGINT: [libjvm.so+0x7f0200], sa_mask[0]=0x7ffbfeff, sa_flags=0x10000004
SIGTERM: [libjvm.so+0x7f0200], sa_mask[0]=0x7ffbfeff, sa_flags=0x10000004
SIGQUIT: [libjvm.so+0x7f0200], sa_mask[0]=0x7ffbfeff, sa_flags=0x10000004
SIGTRAP: SIG_DFL, sa_mask[0]=0x00000000, sa_flags=0x00000000


---------------  S Y S T E M  ---------------

OS:Ubuntu 14.10 (utopic)
uname:Linux 3.16.0-37-generic #49-Ubuntu SMP Wed Apr 29 20:38:03 UTC 2015 x86_64
libc:glibc 2.19 NPTL 2.19 
rlimit: STACK 8192k, CORE 0k, NPROC 31436, NOFILE 4096, AS infinity
load average:18,02 5,43 2,62

/proc/meminfo:
MemTotal:        8080036 kB
MemFree:          327628 kB
MemAvailable:      42412 kB
Buffers:            1028 kB
Cached:           632364 kB
SwapCached:            0 kB
Active:          5641744 kB
Inactive:         512572 kB
Active(anon):    5628780 kB
Inactive(anon):   499956 kB
Active(file):      12964 kB
Inactive(file):    12616 kB
Unevictable:         128 kB
Mlocked:             128 kB
SwapTotal:             0 kB
SwapFree:              0 kB
Dirty:               604 kB
Writeback:             0 kB
AnonPages:       5521384 kB
Mapped:          1582552 kB
Shmem:            607480 kB
Slab:             128964 kB
SReclaimable:      59324 kB
SUnreclaim:        69640 kB
KernelStack:       15728 kB
PageTables:        68368 kB
NFS_Unstable:          0 kB
Bounce:                0 kB
WritebackTmp:          0 kB
CommitLimit:     4040016 kB
Committed_AS:   13637664 kB
VmallocTotal:   34359738367 kB
VmallocUsed:      357716 kB
VmallocChunk:   34359366276 kB
HardwareCorrupted:     0 kB
AnonHugePages:   3018752 kB
HugePages_Total:       0
HugePages_Free:        0
HugePages_Rsvd:        0
HugePages_Surp:        0
Hugepagesize:       2048 kB
DirectMap4k:       90616 kB
DirectMap2M:     8202240 kB


CPU:total 4 (2 cores per cpu, 2 threads per core) family 6 model 42 stepping 7, cmov, cx8, fxsr, mmx, sse, sse2, sse3, ssse3, sse4.1, sse4.2, popcnt, avx, aes, ht, tsc, tscinvbit

/proc/cpuinfo:
processor	: 0
vendor_id	: GenuineIntel
cpu family	: 6
model		: 42
model name	: Intel(R) Core(TM) i5-2430M CPU @ 2.40GHz
stepping	: 7
microcode	: 0x1b
cpu MHz		: 2800.031
cache size	: 3072 KB
physical id	: 0
siblings	: 4
core id		: 0
cpu cores	: 2
apicid		: 0
initial apicid	: 0
fpu		: yes
fpu_exception	: yes
cpuid level	: 13
wp		: yes
flags		: fpu vme de pse tsc msr pae mce cx8 apic sep mtrr pge mca cmov pat pse36 clflush dts acpi mmx fxsr sse sse2 ss ht tm pbe syscall nx rdtscp lm constant_tsc arch_perfmon pebs bts rep_good nopl xtopology nonstop_tsc aperfmperf eagerfpu pni pclmulqdq dtes64 monitor ds_cpl vmx est tm2 ssse3 cx16 xtpr pdcm pcid sse4_1 sse4_2 x2apic popcnt tsc_deadline_timer aes xsave avx lahf_lm ida arat epb xsaveopt pln pts dtherm tpr_shadow vnmi flexpriority ept vpid
bogomips	: 4789.11
clflush size	: 64
cache_alignment	: 64
address sizes	: 36 bits physical, 48 bits virtual
power management:

processor	: 1
vendor_id	: GenuineIntel
cpu family	: 6
model		: 42
model name	: Intel(R) Core(TM) i5-2430M CPU @ 2.40GHz
stepping	: 7
microcode	: 0x1b
cpu MHz		: 2800.031
cache size	: 3072 KB
physical id	: 0
siblings	: 4
core id		: 1
cpu cores	: 2
apicid		: 2
initial apicid	: 2
fpu		: yes
fpu_exception	: yes
cpuid level	: 13
wp		: yes
flags		: fpu vme de pse tsc msr pae mce cx8 apic sep mtrr pge mca cmov pat pse36 clflush dts acpi mmx fxsr sse sse2 ss ht tm pbe syscall nx rdtscp lm constant_tsc arch_perfmon pebs bts rep_good nopl xtopology nonstop_tsc aperfmperf eagerfpu pni pclmulqdq dtes64 monitor ds_cpl vmx est tm2 ssse3 cx16 xtpr pdcm pcid sse4_1 sse4_2 x2apic popcnt tsc_deadline_timer aes xsave avx lahf_lm ida arat epb xsaveopt pln pts dtherm tpr_shadow vnmi flexpriority ept vpid
bogomips	: 4789.11
clflush size	: 64
cache_alignment	: 64
address sizes	: 36 bits physical, 48 bits virtual
power management:

processor	: 2
vendor_id	: GenuineIntel
cpu family	: 6
model		: 42
model name	: Intel(R) Core(TM) i5-2430M CPU @ 2.40GHz
stepping	: 7
microcode	: 0x1b
cpu MHz		: 2800.031
cache size	: 3072 KB
physical id	: 0
siblings	: 4
core id		: 0
cpu cores	: 2
apicid		: 1
initial apicid	: 1
fpu		: yes
fpu_exception	: yes
cpuid level	: 13
wp		: yes
flags		: fpu vme de pse tsc msr pae mce cx8 apic sep mtrr pge mca cmov pat pse36 clflush dts acpi mmx fxsr sse sse2 ss ht tm pbe syscall nx rdtscp lm constant_tsc arch_perfmon pebs bts rep_good nopl xtopology nonstop_tsc aperfmperf eagerfpu pni pclmulqdq dtes64 monitor ds_cpl vmx est tm2 ssse3 cx16 xtpr pdcm pcid sse4_1 sse4_2 x2apic popcnt tsc_deadline_timer aes xsave avx lahf_lm ida arat epb xsaveopt pln pts dtherm tpr_shadow vnmi flexpriority ept vpid
bogomips	: 4789.11
clflush size	: 64
cache_alignment	: 64
address sizes	: 36 bits physical, 48 bits virtual
power management:

processor	: 3
vendor_id	: GenuineIntel
cpu family	: 6
model		: 42
model name	: Intel(R) Core(TM) i5-2430M CPU @ 2.40GHz
stepping	: 7
microcode	: 0x1b
cpu MHz		: 2800.031
cache size	: 3072 KB
physical id	: 0
siblings	: 4
core id		: 1
cpu cores	: 2
apicid		: 3
initial apicid	: 3
fpu		: yes
fpu_exception	: yes
cpuid level	: 13
wp		: yes
flags		: fpu vme de pse tsc msr pae mce cx8 apic sep mtrr pge mca cmov pat pse36 clflush dts acpi mmx fxsr sse sse2 ss ht tm pbe syscall nx rdtscp lm constant_tsc arch_perfmon pebs bts rep_good nopl xtopology nonstop_tsc aperfmperf eagerfpu pni pclmulqdq dtes64 monitor ds_cpl vmx est tm2 ssse3 cx16 xtpr pdcm pcid sse4_1 sse4_2 x2apic popcnt tsc_deadline_timer aes xsave avx lahf_lm ida arat epb xsaveopt pln pts dtherm tpr_shadow vnmi flexpriority ept vpid
bogomips	: 4789.11
clflush size	: 64
cache_alignment	: 64
address sizes	: 36 bits physical, 48 bits virtual
power management:



Memory: 4k page, physical 8080036k(329404k free), swap 0k(0k free)

vm_info: OpenJDK 64-Bit Server VM (24.79-b02) for linux-amd64 JRE (1.7.0_79-b14), built on Apr 16 2015 08:25:58 by "buildd" with gcc 4.9.1

time: Mon Jun 22 14:55:03 2015
elapsed time: 20 seconds

